<?xml version="1.0" encoding="UTF-8"?>
<!-- Generated by org.testng.reporters.JUnitReportReporter -->
<testsuite hostname="DESKTOP-9PVSULT" failures="0" tests="1" name="Test_Page.test_gateway" time="14.240" errors="0" timestamp="30 Nov 2023 14:02:42 GMT" skipped="0">
  <testcase classname="Test_Page.test_gateway" name="gateway_page" time="14.240"/>
</testsuite> <!-- Test_Page.test_gateway -->
