<?xml version="1.0" encoding="UTF-8"?>
<!-- Generated by org.testng.reporters.JUnitReportReporter -->
<testsuite hostname="DESKTOP-9PVSULT" failures="0" tests="1" name="Test_Page.Test_RGTH" time="39.657" errors="0" timestamp="15 Nov 2023 16:23:33 GMT" skipped="0">
  <testcase classname="Test_Page.Test_RGTH" name="receiptGiftTravelHospitality" time="39.657"/>
</testsuite> <!-- Test_Page.Test_RGTH -->
