<?xml version="1.0" encoding="UTF-8"?>
<!-- Generated by org.testng.reporters.JUnitReportReporter -->
<testsuite hostname="DESKTOP-9PVSULT" failures="0" tests="8" name="Test_Page.test_login" time="186.177" errors="0" timestamp="31 May 2023 06:52:47 GMT" skipped="0">
  <testcase classname="Test_Page.test_login" name="login" time="23.194"/>
  <testcase classname="Test_Page.test_login" name="login" time="24.199"/>
  <testcase classname="Test_Page.test_login" name="login" time="23.343"/>
  <testcase classname="Test_Page.test_login" name="login" time="23.068"/>
  <testcase classname="Test_Page.test_login" name="login" time="23.195"/>
  <testcase classname="Test_Page.test_login" name="login" time="23.045"/>
  <testcase classname="Test_Page.test_login" name="login" time="23.137"/>
  <testcase classname="Test_Page.test_login" name="login" time="22.996"/>
</testsuite> <!-- Test_Page.test_login -->
