<?xml version="1.0" encoding="UTF-8"?>
<!-- Generated by org.testng.reporters.JUnitReportReporter -->
<testsuite hostname="DESKTOP-9PVSULT" failures="0" tests="2" name="tests.DisPotentionlConflictTileTest" time="121.023" errors="0" timestamp="2023-12-21T19:43:35 IST" skipped="0">
  <testcase classname="tests.DisPotentionlConflictTileTest" name="disclosePotentialConflictCustomers" time="60.957"/>
  <system-out/>
  <testcase classname="tests.DisPotentionlConflictTileTest" name="disclosePotentialConflictCompetitors" time="60.066"/>
  <system-out/>
</testsuite> <!-- tests.DisPotentionlConflictTileTest -->
