<?xml version="1.0" encoding="UTF-8"?>
<!-- Generated by org.testng.reporters.JUnitReportReporter -->
<testsuite hostname="DESKTOP-9PVSULT" failures="0" tests="1" name="Test_Page.Validate_Title" time="15.309" errors="0" timestamp="30 Nov 2023 15:56:40 GMT" skipped="0">
  <testcase classname="Test_Page.Validate_Title" name="start_apprval_request" time="15.309"/>
</testsuite> <!-- Test_Page.Validate_Title -->
