<?xml version="1.0" encoding="UTF-8"?>
<!-- Generated by org.testng.reporters.JUnitReportReporter -->
<testsuite hostname="DESKTOP-9PVSULT" failures="0" tests="1" name="tests.RGTHTest" time="53.028" errors="0" timestamp="2023-12-21T19:43:35 IST" skipped="0">
  <testcase classname="tests.RGTHTest" name="receiptGiftTravelHospitality" time="53.028"/>
  <system-out/>
</testsuite> <!-- tests.RGTHTest -->
