<?xml version="1.0" encoding="UTF-8"?>
<!-- Generated by org.testng.reporters.JUnitReportReporter -->
<testsuite hostname="DESKTOP-9PVSULT" failures="0" tests="2" name="Test_Page.DisPotentionlConflictTile" time="88.069" errors="0" timestamp="2023-12-10T15:57:28 IST" skipped="0">
  <testcase classname="Test_Page.DisPotentionlConflictTile" name="disclosePotentialConflictCompetitors" time="58.175"/>
  <system-out/>
  <testcase classname="Test_Page.DisPotentionlConflictTile" name="disclosePotentialConflictCustomers" time="29.894"/>
  <system-out/>
</testsuite> <!-- Test_Page.DisPotentionlConflictTile -->
