<?xml version="1.0" encoding="UTF-8"?>
<!-- Generated by org.testng.reporters.JUnitReportReporter -->
<testsuite hostname="DESKTOP-9PVSULT" failures="0" tests="2" name="tests.DisPotentionlConflictTile" time="111.837" errors="0" timestamp="2023-12-12T21:02:49 IST" skipped="0">
  <testcase classname="tests.DisPotentionlConflictTile" name="disclosePotentialConflictCompetitors" time="57.842"/>
  <system-out/>
  <testcase classname="tests.DisPotentionlConflictTile" name="disclosePotentialConflictCustomers" time="53.995"/>
  <system-out/>
</testsuite> <!-- tests.DisPotentionlConflictTile -->
