<?xml version="1.0" encoding="UTF-8"?>
<!-- Generated by org.testng.reporters.JUnitReportReporter -->
<testsuite hostname="DESKTOP-9PVSULT" failures="0" tests="1" name="tests.GatewayPage" time="23.308" errors="0" timestamp="2023-12-12T21:02:49 IST" skipped="0">
  <testcase classname="tests.GatewayPage" name="demoGatewayPage" time="23.308"/>
  <system-out/>
</testsuite> <!-- tests.GatewayPage -->
