<?xml version="1.0" encoding="UTF-8"?>
<!-- Generated by org.testng.reporters.JUnitReportReporter -->
<testsuite hostname="DESKTOP-9PVSULT" failures="0" tests="1" name="tests.PGTHTest" time="132.942" errors="0" timestamp="2023-12-21T19:43:35 IST" skipped="0">
  <testcase classname="tests.PGTHTest" name="Provide_a_Gift_Travel_or_Hospitality" time="132.942"/>
  <system-out/>
</testsuite> <!-- tests.PGTHTest -->
