<?xml version="1.0" encoding="UTF-8"?>
<!-- Generated by org.testng.reporters.JUnitReportReporter -->
<testsuite hostname="DESKTOP-9PVSULT" failures="0" tests="1" name="Test_Page.DisPotentionlConflictTile" time="52.758" errors="0" timestamp="01 Dec 2023 14:04:39 GMT" skipped="0">
  <testcase classname="Test_Page.DisPotentionlConflictTile" name="disclosePotentialConflict" time="52.758"/>
</testsuite> <!-- Test_Page.DisPotentionlConflictTile -->
