<?xml version="1.0" encoding="UTF-8"?>
<!-- Generated by org.testng.reporters.JUnitReportReporter -->
<testsuite hostname="DESKTOP-9PVSULT" failures="0" tests="1" name="tests.DemoGateway" time="25.516" errors="0" timestamp="2023-12-10T20:32:29 IST" skipped="0">
  <testcase classname="tests.DemoGateway" name="demoGatewayPage" time="25.516"/>
  <system-out/>
</testsuite> <!-- tests.DemoGateway -->
