<?xml version="1.0" encoding="UTF-8"?>
<!-- Generated by org.testng.reporters.JUnitReportReporter -->
<testsuite hostname="DESKTOP-9PVSULT" failures="0" tests="1" name="tests.Test_RGTH" time="56.536" errors="0" timestamp="2023-12-10T21:31:38 IST" skipped="0">
  <testcase classname="tests.Test_RGTH" name="receiptGiftTravelHospitality" time="56.536"/>
  <system-out/>
</testsuite> <!-- tests.Test_RGTH -->
