<?xml version="1.0" encoding="UTF-8"?>
<!-- Generated by org.testng.reporters.JUnitReportReporter -->
<testsuite hostname="DESKTOP-9PVSULT" failures="0" tests="1" name="tests.PGTH" time="134.764" errors="0" timestamp="2023-12-15T19:14:02 IST" skipped="0">
  <testcase classname="tests.PGTH" name="Provide_a_Gift_Travel_or_Hospitality" time="134.764"/>
  <system-out/>
</testsuite> <!-- tests.PGTH -->
