<?xml version="1.0" encoding="UTF-8"?>
<!-- Generated by org.testng.reporters.JUnitReportReporter -->
<testsuite hostname="DESKTOP-9PVSULT" failures="0" tests="1" name="tests.RGTH" time="52.512" errors="0" timestamp="2023-12-15T16:54:01 IST" skipped="0">
  <testcase classname="tests.RGTH" name="receiptGiftTravelHospitality" time="52.512"/>
  <system-out/>
</testsuite> <!-- tests.RGTH -->
