<?xml version="1.0" encoding="UTF-8"?>
<!-- Generated by org.testng.reporters.JUnitReportReporter -->
<testsuite hostname="DESKTOP-9PVSULT" failures="0" tests="1" name="tests.RGTH" time="51.756" errors="0" timestamp="2023-12-15T19:14:02 IST" skipped="0">
  <testcase classname="tests.RGTH" name="receiptGiftTravelHospitality" time="51.756"/>
  <system-out/>
</testsuite> <!-- tests.RGTH -->
