<?xml version="1.0" encoding="UTF-8"?>
<!-- Generated by org.testng.reporters.JUnitReportReporter -->
<testsuite hostname="DESKTOP-9PVSULT" failures="0" tests="1" name="tests.DisPotentionlConflictTile" time="58.523" errors="0" timestamp="2023-12-18T21:47:30 IST" skipped="0">
  <testcase classname="tests.DisPotentionlConflictTile" name="disclosePotentialConflictCompetitors" time="58.523"/>
  <system-out/>
</testsuite> <!-- tests.DisPotentionlConflictTile -->
