<?xml version="1.0" encoding="UTF-8"?>
<!-- Generated by org.testng.reporters.JUnitReportReporter -->
<testsuite hostname="DESKTOP-9PV5ULT" failures="0" tests="1" name="Test_Page.test_gateway" time="16.613" errors="0" timestamp="04 Feb 2022 14:15:55 GMT" skipped="0">
  <testcase classname="Test_Page.test_gateway" name="gateway_page" time="16.613"/>
</testsuite> <!-- Test_Page.test_gateway -->
