<?xml version="1.0" encoding="UTF-8"?>
<!-- Generated by org.testng.reporters.JUnitReportReporter -->
<testsuite hostname="DESKTOP-9PVSULT" failures="0" tests="2" name="tests.DisPotentionlConflictTile" time="113.995" errors="0" timestamp="2023-12-15T16:54:01 IST" skipped="0">
  <testcase classname="tests.DisPotentionlConflictTile" name="disclosePotentialConflictCustomers" time="55.768"/>
  <system-out/>
  <testcase classname="tests.DisPotentionlConflictTile" name="disclosePotentialConflictCompetitors" time="58.227"/>
  <system-out/>
</testsuite> <!-- tests.DisPotentionlConflictTile -->
