<?xml version="1.0" encoding="UTF-8"?>
<!-- Generated by org.testng.reporters.JUnitReportReporter -->
<testsuite hostname="DESKTOP-9PVSULT" failures="0" tests="1" name="Test_Page.DisPotentionlConflictTile" time="53.608" errors="0" timestamp="19 Nov 2023 17:11:08 GMT" skipped="0">
  <testcase classname="Test_Page.DisPotentionlConflictTile" name="disclosePotentialConflict" time="53.608"/>
</testsuite> <!-- Test_Page.DisPotentionlConflictTile -->
