<?xml version="1.0" encoding="UTF-8"?>
<!-- Generated by org.testng.reporters.JUnitReportReporter -->
<testsuite hostname="DESKTOP-9PVSULT" failures="0" tests="8" name="Test_Page.test_login" time="188.554" errors="0" timestamp="09 Nov 2023 14:54:52 GMT" skipped="0">
  <testcase classname="Test_Page.test_login" name="login" time="24.599"/>
  <testcase classname="Test_Page.test_login" name="login" time="23.472"/>
  <testcase classname="Test_Page.test_login" name="login" time="23.248"/>
  <testcase classname="Test_Page.test_login" name="login" time="23.323"/>
  <testcase classname="Test_Page.test_login" name="login" time="23.548"/>
  <testcase classname="Test_Page.test_login" name="login" time="23.535"/>
  <testcase classname="Test_Page.test_login" name="login" time="23.224"/>
  <testcase classname="Test_Page.test_login" name="login" time="23.605"/>
</testsuite> <!-- Test_Page.test_login -->
