<?xml version="1.0" encoding="UTF-8"?>
<!-- Generated by org.testng.reporters.JUnitReportReporter -->
<testsuite skipped="0" hostname="DESKTOP-9PVSULT" name="tests.DisPotentionlConflictTileTest" tests="1" failures="0" timestamp="21 Dec 2023 14:04:59 GMT" time="60.152" errors="0">
  <testcase name="disclosePotentialConflictCompetitors" time="60.152" classname="tests.DisPotentionlConflictTileTest"/>
</testsuite> <!-- tests.DisPotentionlConflictTileTest -->
